The system is: Darwin - 16.7.0 - x86_64
Compiling the C compiler identification source file "CMakeCCompilerId.c" succeeded.
Compiler: /Applications/Xcode.app/Contents/Developer/Toolchains/XcodeDefault.xctoolchain/usr/bin/cc 
Build flags: 
Id flags: 

The output was:
0


Compilation of the C compiler identification source "CMakeCCompilerId.c" produced "a.out"

The C compiler identification is AppleClang, found in "/Users/shoumikpalkar/work/sparser/common/avro-c-1.8.2/build/CMakeFiles/3.7.1/CompilerIdC/a.out"

Compiling the CXX compiler identification source file "CMakeCXXCompilerId.cpp" succeeded.
Compiler: /Applications/Xcode.app/Contents/Developer/Toolchains/XcodeDefault.xctoolchain/usr/bin/c++ 
Build flags: 
Id flags: 

The output was:
0


Compilation of the CXX compiler identification source "CMakeCXXCompilerId.cpp" produced "a.out"

The CXX compiler identification is AppleClang, found in "/Users/shoumikpalkar/work/sparser/common/avro-c-1.8.2/build/CMakeFiles/3.7.1/CompilerIdCXX/a.out"

Determining if the C compiler works passed with the following output:
Change Dir: /Users/shoumikpalkar/work/sparser/common/avro-c-1.8.2/build/CMakeFiles/CMakeTmp

Run Build Command:"/usr/bin/make" "cmTC_a27ce/fast"
/Applications/Xcode.app/Contents/Developer/usr/bin/make -f CMakeFiles/cmTC_a27ce.dir/build.make CMakeFiles/cmTC_a27ce.dir/build
Building C object CMakeFiles/cmTC_a27ce.dir/testCCompiler.c.o
/Applications/Xcode.app/Contents/Developer/Toolchains/XcodeDefault.xctoolchain/usr/bin/cc    -arch x86_64 -isysroot /Applications/Xcode.app/Contents/Developer/Platforms/MacOSX.platform/Developer/SDKs/MacOSX10.12.sdk   -o CMakeFiles/cmTC_a27ce.dir/testCCompiler.c.o   -c /Users/shoumikpalkar/work/sparser/common/avro-c-1.8.2/build/CMakeFiles/CMakeTmp/testCCompiler.c
Linking C executable cmTC_a27ce
/usr/local/Cellar/cmake/3.7.1/bin/cmake -E cmake_link_script CMakeFiles/cmTC_a27ce.dir/link.txt --verbose=1
/Applications/Xcode.app/Contents/Developer/Toolchains/XcodeDefault.xctoolchain/usr/bin/cc    -arch x86_64 -isysroot /Applications/Xcode.app/Contents/Developer/Platforms/MacOSX.platform/Developer/SDKs/MacOSX10.12.sdk -Wl,-search_paths_first -Wl,-headerpad_max_install_names   CMakeFiles/cmTC_a27ce.dir/testCCompiler.c.o  -o cmTC_a27ce  


Detecting C compiler ABI info compiled with the following output:
Change Dir: /Users/shoumikpalkar/work/sparser/common/avro-c-1.8.2/build/CMakeFiles/CMakeTmp

Run Build Command:"/usr/bin/make" "cmTC_0fee2/fast"
/Applications/Xcode.app/Contents/Developer/usr/bin/make -f CMakeFiles/cmTC_0fee2.dir/build.make CMakeFiles/cmTC_0fee2.dir/build
Building C object CMakeFiles/cmTC_0fee2.dir/CMakeCCompilerABI.c.o
/Applications/Xcode.app/Contents/Developer/Toolchains/XcodeDefault.xctoolchain/usr/bin/cc    -arch x86_64 -isysroot /Applications/Xcode.app/Contents/Developer/Platforms/MacOSX.platform/Developer/SDKs/MacOSX10.12.sdk   -o CMakeFiles/cmTC_0fee2.dir/CMakeCCompilerABI.c.o   -c /usr/local/Cellar/cmake/3.7.1/share/cmake/Modules/CMakeCCompilerABI.c
Linking C executable cmTC_0fee2
/usr/local/Cellar/cmake/3.7.1/bin/cmake -E cmake_link_script CMakeFiles/cmTC_0fee2.dir/link.txt --verbose=1
/Applications/Xcode.app/Contents/Developer/Toolchains/XcodeDefault.xctoolchain/usr/bin/cc    -arch x86_64 -isysroot /Applications/Xcode.app/Contents/Developer/Platforms/MacOSX.platform/Developer/SDKs/MacOSX10.12.sdk -Wl,-search_paths_first -Wl,-headerpad_max_install_names  -v -Wl,-v CMakeFiles/cmTC_0fee2.dir/CMakeCCompilerABI.c.o  -o cmTC_0fee2   
Apple LLVM version 8.1.0 (clang-802.0.42)
Target: x86_64-apple-darwin16.7.0
Thread model: posix
InstalledDir: /Applications/Xcode.app/Contents/Developer/Toolchains/XcodeDefault.xctoolchain/usr/bin
 "/Applications/Xcode.app/Contents/Developer/Toolchains/XcodeDefault.xctoolchain/usr/bin/ld" -demangle -lto_library /Applications/Xcode.app/Contents/Developer/Toolchains/XcodeDefault.xctoolchain/usr/lib/libLTO.dylib -dynamic -arch x86_64 -macosx_version_min 10.12.0 -syslibroot /Applications/Xcode.app/Contents/Developer/Platforms/MacOSX.platform/Developer/SDKs/MacOSX10.12.sdk -o cmTC_0fee2 -search_paths_first -headerpad_max_install_names -v CMakeFiles/cmTC_0fee2.dir/CMakeCCompilerABI.c.o -L/opt/intel/compilers_and_libraries_2017.2.163/mac/tbb/lib -L/opt/intel/compilers_and_libraries_2017.2.163/mac/compiler/lib -L/opt/intel/compilers_and_libraries_2017.2.163/mac/mkl/lib -L/opt/intel/compilers_and_libraries_2017.2.163/mac/tbb/lib -L/opt/intel/compilers_and_libraries_2017.2.163/mac/compiler/lib -L/opt/intel/compilers_and_libraries_2017.2.163/mac/mkl/lib -lSystem /Applications/Xcode.app/Contents/Developer/Toolchains/XcodeDefault.xctoolchain/usr/bin/../lib/clang/8.1.0/lib/darwin/libclang_rt.osx.a
@(#)PROGRAM:ld  PROJECT:ld64-278.4
configured to support archs: armv6 armv7 armv7s arm64 i386 x86_64 x86_64h armv6m armv7k armv7m armv7em (tvOS)
Library search paths:
	/opt/intel/compilers_and_libraries_2017.2.163/mac/tbb/lib
	/opt/intel/compilers_and_libraries_2017.2.163/mac/compiler/lib
	/opt/intel/compilers_and_libraries_2017.2.163/mac/mkl/lib
	/opt/intel/compilers_and_libraries_2017.2.163/mac/tbb/lib
	/opt/intel/compilers_and_libraries_2017.2.163/mac/compiler/lib
	/opt/intel/compilers_and_libraries_2017.2.163/mac/mkl/lib
	/Applications/Xcode.app/Contents/Developer/Platforms/MacOSX.platform/Developer/SDKs/MacOSX10.12.sdk/usr/lib
Framework search paths:
	/Applications/Xcode.app/Contents/Developer/Platforms/MacOSX.platform/Developer/SDKs/MacOSX10.12.sdk/System/Library/Frameworks/


Parsed C implicit link information from above output:
  link line regex: [^( *|.*[/\])(ld|([^/\]+-)?ld|collect2)[^/\]*( |$)]
  ignore line: [Change Dir: /Users/shoumikpalkar/work/sparser/common/avro-c-1.8.2/build/CMakeFiles/CMakeTmp]
  ignore line: []
  ignore line: [Run Build Command:"/usr/bin/make" "cmTC_0fee2/fast"]
  ignore line: [/Applications/Xcode.app/Contents/Developer/usr/bin/make -f CMakeFiles/cmTC_0fee2.dir/build.make CMakeFiles/cmTC_0fee2.dir/build]
  ignore line: [Building C object CMakeFiles/cmTC_0fee2.dir/CMakeCCompilerABI.c.o]
  ignore line: [/Applications/Xcode.app/Contents/Developer/Toolchains/XcodeDefault.xctoolchain/usr/bin/cc    -arch x86_64 -isysroot /Applications/Xcode.app/Contents/Developer/Platforms/MacOSX.platform/Developer/SDKs/MacOSX10.12.sdk   -o CMakeFiles/cmTC_0fee2.dir/CMakeCCompilerABI.c.o   -c /usr/local/Cellar/cmake/3.7.1/share/cmake/Modules/CMakeCCompilerABI.c]
  ignore line: [Linking C executable cmTC_0fee2]
  ignore line: [/usr/local/Cellar/cmake/3.7.1/bin/cmake -E cmake_link_script CMakeFiles/cmTC_0fee2.dir/link.txt --verbose=1]
  ignore line: [/Applications/Xcode.app/Contents/Developer/Toolchains/XcodeDefault.xctoolchain/usr/bin/cc    -arch x86_64 -isysroot /Applications/Xcode.app/Contents/Developer/Platforms/MacOSX.platform/Developer/SDKs/MacOSX10.12.sdk -Wl,-search_paths_first -Wl,-headerpad_max_install_names  -v -Wl,-v CMakeFiles/cmTC_0fee2.dir/CMakeCCompilerABI.c.o  -o cmTC_0fee2   ]
  ignore line: [Apple LLVM version 8.1.0 (clang-802.0.42)]
  ignore line: [Target: x86_64-apple-darwin16.7.0]
  ignore line: [Thread model: posix]
  ignore line: [InstalledDir: /Applications/Xcode.app/Contents/Developer/Toolchains/XcodeDefault.xctoolchain/usr/bin]
  link line: [ "/Applications/Xcode.app/Contents/Developer/Toolchains/XcodeDefault.xctoolchain/usr/bin/ld" -demangle -lto_library /Applications/Xcode.app/Contents/Developer/Toolchains/XcodeDefault.xctoolchain/usr/lib/libLTO.dylib -dynamic -arch x86_64 -macosx_version_min 10.12.0 -syslibroot /Applications/Xcode.app/Contents/Developer/Platforms/MacOSX.platform/Developer/SDKs/MacOSX10.12.sdk -o cmTC_0fee2 -search_paths_first -headerpad_max_install_names -v CMakeFiles/cmTC_0fee2.dir/CMakeCCompilerABI.c.o -L/opt/intel/compilers_and_libraries_2017.2.163/mac/tbb/lib -L/opt/intel/compilers_and_libraries_2017.2.163/mac/compiler/lib -L/opt/intel/compilers_and_libraries_2017.2.163/mac/mkl/lib -L/opt/intel/compilers_and_libraries_2017.2.163/mac/tbb/lib -L/opt/intel/compilers_and_libraries_2017.2.163/mac/compiler/lib -L/opt/intel/compilers_and_libraries_2017.2.163/mac/mkl/lib -lSystem /Applications/Xcode.app/Contents/Developer/Toolchains/XcodeDefault.xctoolchain/usr/bin/../lib/clang/8.1.0/lib/darwin/libclang_rt.osx.a]
    arg [/Applications/Xcode.app/Contents/Developer/Toolchains/XcodeDefault.xctoolchain/usr/bin/ld] ==> ignore
    arg [-demangle] ==> ignore
    arg [-lto_library] ==> lib [to_library]
    arg [/Applications/Xcode.app/Contents/Developer/Toolchains/XcodeDefault.xctoolchain/usr/lib/libLTO.dylib] ==> ignore
    arg [-dynamic] ==> ignore
    arg [-arch] ==> ignore
    arg [x86_64] ==> ignore
    arg [-macosx_version_min] ==> ignore
    arg [10.12.0] ==> ignore
    arg [-syslibroot] ==> ignore
    arg [/Applications/Xcode.app/Contents/Developer/Platforms/MacOSX.platform/Developer/SDKs/MacOSX10.12.sdk] ==> ignore
    arg [-o] ==> ignore
    arg [cmTC_0fee2] ==> ignore
    arg [-search_paths_first] ==> ignore
    arg [-headerpad_max_install_names] ==> ignore
    arg [-v] ==> ignore
    arg [CMakeFiles/cmTC_0fee2.dir/CMakeCCompilerABI.c.o] ==> ignore
    arg [-L/opt/intel/compilers_and_libraries_2017.2.163/mac/tbb/lib] ==> dir [/opt/intel/compilers_and_libraries_2017.2.163/mac/tbb/lib]
    arg [-L/opt/intel/compilers_and_libraries_2017.2.163/mac/compiler/lib] ==> dir [/opt/intel/compilers_and_libraries_2017.2.163/mac/compiler/lib]
    arg [-L/opt/intel/compilers_and_libraries_2017.2.163/mac/mkl/lib] ==> dir [/opt/intel/compilers_and_libraries_2017.2.163/mac/mkl/lib]
    arg [-L/opt/intel/compilers_and_libraries_2017.2.163/mac/tbb/lib] ==> dir [/opt/intel/compilers_and_libraries_2017.2.163/mac/tbb/lib]
    arg [-L/opt/intel/compilers_and_libraries_2017.2.163/mac/compiler/lib] ==> dir [/opt/intel/compilers_and_libraries_2017.2.163/mac/compiler/lib]
    arg [-L/opt/intel/compilers_and_libraries_2017.2.163/mac/mkl/lib] ==> dir [/opt/intel/compilers_and_libraries_2017.2.163/mac/mkl/lib]
    arg [-lSystem] ==> lib [System]
    arg [/Applications/Xcode.app/Contents/Developer/Toolchains/XcodeDefault.xctoolchain/usr/bin/../lib/clang/8.1.0/lib/darwin/libclang_rt.osx.a] ==> lib [/Applications/Xcode.app/Contents/Developer/Toolchains/XcodeDefault.xctoolchain/usr/bin/../lib/clang/8.1.0/lib/darwin/libclang_rt.osx.a]
  Library search paths: [;/opt/intel/compilers_and_libraries_2017.2.163/mac/tbb/lib;/opt/intel/compilers_and_libraries_2017.2.163/mac/compiler/lib;/opt/intel/compilers_and_libraries_2017.2.163/mac/mkl/lib;/opt/intel/compilers_and_libraries_2017.2.163/mac/tbb/lib;/opt/intel/compilers_and_libraries_2017.2.163/mac/compiler/lib;/opt/intel/compilers_and_libraries_2017.2.163/mac/mkl/lib;/Applications/Xcode.app/Contents/Developer/Platforms/MacOSX.platform/Developer/SDKs/MacOSX10.12.sdk/usr/lib]
  Framework search paths: [;/Applications/Xcode.app/Contents/Developer/Platforms/MacOSX.platform/Developer/SDKs/MacOSX10.12.sdk/System/Library/Frameworks/]
  remove lib [System]
  remove lib [/Applications/Xcode.app/Contents/Developer/Toolchains/XcodeDefault.xctoolchain/usr/bin/../lib/clang/8.1.0/lib/darwin/libclang_rt.osx.a]
  collapse library dir [/opt/intel/compilers_and_libraries_2017.2.163/mac/tbb/lib] ==> [/opt/intel/compilers_and_libraries_2017.2.163/mac/tbb/lib]
  collapse library dir [/opt/intel/compilers_and_libraries_2017.2.163/mac/compiler/lib] ==> [/opt/intel/compilers_and_libraries_2017.2.163/mac/compiler/lib]
  collapse library dir [/opt/intel/compilers_and_libraries_2017.2.163/mac/mkl/lib] ==> [/opt/intel/compilers_and_libraries_2017.2.163/mac/mkl/lib]
  collapse library dir [/opt/intel/compilers_and_libraries_2017.2.163/mac/tbb/lib] ==> [/opt/intel/compilers_and_libraries_2017.2.163/mac/tbb/lib]
  collapse library dir [/opt/intel/compilers_and_libraries_2017.2.163/mac/compiler/lib] ==> [/opt/intel/compilers_and_libraries_2017.2.163/mac/compiler/lib]
  collapse library dir [/opt/intel/compilers_and_libraries_2017.2.163/mac/mkl/lib] ==> [/opt/intel/compilers_and_libraries_2017.2.163/mac/mkl/lib]
  collapse library dir [/opt/intel/compilers_and_libraries_2017.2.163/mac/tbb/lib] ==> [/opt/intel/compilers_and_libraries_2017.2.163/mac/tbb/lib]
  collapse library dir [/opt/intel/compilers_and_libraries_2017.2.163/mac/compiler/lib] ==> [/opt/intel/compilers_and_libraries_2017.2.163/mac/compiler/lib]
  collapse library dir [/opt/intel/compilers_and_libraries_2017.2.163/mac/mkl/lib] ==> [/opt/intel/compilers_and_libraries_2017.2.163/mac/mkl/lib]
  collapse library dir [/opt/intel/compilers_and_libraries_2017.2.163/mac/tbb/lib] ==> [/opt/intel/compilers_and_libraries_2017.2.163/mac/tbb/lib]
  collapse library dir [/opt/intel/compilers_and_libraries_2017.2.163/mac/compiler/lib] ==> [/opt/intel/compilers_and_libraries_2017.2.163/mac/compiler/lib]
  collapse library dir [/opt/intel/compilers_and_libraries_2017.2.163/mac/mkl/lib] ==> [/opt/intel/compilers_and_libraries_2017.2.163/mac/mkl/lib]
  collapse library dir [/Applications/Xcode.app/Contents/Developer/Platforms/MacOSX.platform/Developer/SDKs/MacOSX10.12.sdk/usr/lib] ==> [/Applications/Xcode.app/Contents/Developer/Platforms/MacOSX.platform/Developer/SDKs/MacOSX10.12.sdk/usr/lib]
  collapse framework dir [/Applications/Xcode.app/Contents/Developer/Platforms/MacOSX.platform/Developer/SDKs/MacOSX10.12.sdk/System/Library/Frameworks/] ==> [/Applications/Xcode.app/Contents/Developer/Platforms/MacOSX.platform/Developer/SDKs/MacOSX10.12.sdk/System/Library/Frameworks]
  implicit libs: [to_library]
  implicit dirs: [/opt/intel/compilers_and_libraries_2017.2.163/mac/tbb/lib;/opt/intel/compilers_and_libraries_2017.2.163/mac/compiler/lib;/opt/intel/compilers_and_libraries_2017.2.163/mac/mkl/lib;/Applications/Xcode.app/Contents/Developer/Platforms/MacOSX.platform/Developer/SDKs/MacOSX10.12.sdk/usr/lib]
  implicit fwks: [/Applications/Xcode.app/Contents/Developer/Platforms/MacOSX.platform/Developer/SDKs/MacOSX10.12.sdk/System/Library/Frameworks]




Detecting C [-std=c11] compiler features compiled with the following output:
Change Dir: /Users/shoumikpalkar/work/sparser/common/avro-c-1.8.2/build/CMakeFiles/CMakeTmp

Run Build Command:"/usr/bin/make" "cmTC_74b83/fast"
/Applications/Xcode.app/Contents/Developer/usr/bin/make -f CMakeFiles/cmTC_74b83.dir/build.make CMakeFiles/cmTC_74b83.dir/build
Building C object CMakeFiles/cmTC_74b83.dir/feature_tests.c.o
/Applications/Xcode.app/Contents/Developer/Toolchains/XcodeDefault.xctoolchain/usr/bin/cc    -arch x86_64 -isysroot /Applications/Xcode.app/Contents/Developer/Platforms/MacOSX.platform/Developer/SDKs/MacOSX10.12.sdk   -std=c11 -o CMakeFiles/cmTC_74b83.dir/feature_tests.c.o   -c /Users/shoumikpalkar/work/sparser/common/avro-c-1.8.2/build/CMakeFiles/feature_tests.c
Linking C executable cmTC_74b83
/usr/local/Cellar/cmake/3.7.1/bin/cmake -E cmake_link_script CMakeFiles/cmTC_74b83.dir/link.txt --verbose=1
/Applications/Xcode.app/Contents/Developer/Toolchains/XcodeDefault.xctoolchain/usr/bin/cc    -arch x86_64 -isysroot /Applications/Xcode.app/Contents/Developer/Platforms/MacOSX.platform/Developer/SDKs/MacOSX10.12.sdk -Wl,-search_paths_first -Wl,-headerpad_max_install_names   CMakeFiles/cmTC_74b83.dir/feature_tests.c.o  -o cmTC_74b83  


    Feature record: C_FEATURE:1c_function_prototypes
    Feature record: C_FEATURE:1c_restrict
    Feature record: C_FEATURE:1c_static_assert
    Feature record: C_FEATURE:1c_variadic_macros


Detecting C [-std=c99] compiler features compiled with the following output:
Change Dir: /Users/shoumikpalkar/work/sparser/common/avro-c-1.8.2/build/CMakeFiles/CMakeTmp

Run Build Command:"/usr/bin/make" "cmTC_54c61/fast"
/Applications/Xcode.app/Contents/Developer/usr/bin/make -f CMakeFiles/cmTC_54c61.dir/build.make CMakeFiles/cmTC_54c61.dir/build
Building C object CMakeFiles/cmTC_54c61.dir/feature_tests.c.o
/Applications/Xcode.app/Contents/Developer/Toolchains/XcodeDefault.xctoolchain/usr/bin/cc    -arch x86_64 -isysroot /Applications/Xcode.app/Contents/Developer/Platforms/MacOSX.platform/Developer/SDKs/MacOSX10.12.sdk   -std=c99 -o CMakeFiles/cmTC_54c61.dir/feature_tests.c.o   -c /Users/shoumikpalkar/work/sparser/common/avro-c-1.8.2/build/CMakeFiles/feature_tests.c
Linking C executable cmTC_54c61
/usr/local/Cellar/cmake/3.7.1/bin/cmake -E cmake_link_script CMakeFiles/cmTC_54c61.dir/link.txt --verbose=1
/Applications/Xcode.app/Contents/Developer/Toolchains/XcodeDefault.xctoolchain/usr/bin/cc    -arch x86_64 -isysroot /Applications/Xcode.app/Contents/Developer/Platforms/MacOSX.platform/Developer/SDKs/MacOSX10.12.sdk -Wl,-search_paths_first -Wl,-headerpad_max_install_names   CMakeFiles/cmTC_54c61.dir/feature_tests.c.o  -o cmTC_54c61  


    Feature record: C_FEATURE:1c_function_prototypes
    Feature record: C_FEATURE:1c_restrict
    Feature record: C_FEATURE:0c_static_assert
    Feature record: C_FEATURE:1c_variadic_macros


Detecting C [-std=c90] compiler features compiled with the following output:
Change Dir: /Users/shoumikpalkar/work/sparser/common/avro-c-1.8.2/build/CMakeFiles/CMakeTmp

Run Build Command:"/usr/bin/make" "cmTC_105be/fast"
/Applications/Xcode.app/Contents/Developer/usr/bin/make -f CMakeFiles/cmTC_105be.dir/build.make CMakeFiles/cmTC_105be.dir/build
Building C object CMakeFiles/cmTC_105be.dir/feature_tests.c.o
/Applications/Xcode.app/Contents/Developer/Toolchains/XcodeDefault.xctoolchain/usr/bin/cc    -arch x86_64 -isysroot /Applications/Xcode.app/Contents/Developer/Platforms/MacOSX.platform/Developer/SDKs/MacOSX10.12.sdk   -std=c90 -o CMakeFiles/cmTC_105be.dir/feature_tests.c.o   -c /Users/shoumikpalkar/work/sparser/common/avro-c-1.8.2/build/CMakeFiles/feature_tests.c
Linking C executable cmTC_105be
/usr/local/Cellar/cmake/3.7.1/bin/cmake -E cmake_link_script CMakeFiles/cmTC_105be.dir/link.txt --verbose=1
/Applications/Xcode.app/Contents/Developer/Toolchains/XcodeDefault.xctoolchain/usr/bin/cc    -arch x86_64 -isysroot /Applications/Xcode.app/Contents/Developer/Platforms/MacOSX.platform/Developer/SDKs/MacOSX10.12.sdk -Wl,-search_paths_first -Wl,-headerpad_max_install_names   CMakeFiles/cmTC_105be.dir/feature_tests.c.o  -o cmTC_105be  


    Feature record: C_FEATURE:1c_function_prototypes
    Feature record: C_FEATURE:0c_restrict
    Feature record: C_FEATURE:0c_static_assert
    Feature record: C_FEATURE:0c_variadic_macros
Determining if the CXX compiler works passed with the following output:
Change Dir: /Users/shoumikpalkar/work/sparser/common/avro-c-1.8.2/build/CMakeFiles/CMakeTmp

Run Build Command:"/usr/bin/make" "cmTC_99479/fast"
/Applications/Xcode.app/Contents/Developer/usr/bin/make -f CMakeFiles/cmTC_99479.dir/build.make CMakeFiles/cmTC_99479.dir/build
Building CXX object CMakeFiles/cmTC_99479.dir/testCXXCompiler.cxx.o
/Applications/Xcode.app/Contents/Developer/Toolchains/XcodeDefault.xctoolchain/usr/bin/c++     -arch x86_64 -isysroot /Applications/Xcode.app/Contents/Developer/Platforms/MacOSX.platform/Developer/SDKs/MacOSX10.12.sdk   -o CMakeFiles/cmTC_99479.dir/testCXXCompiler.cxx.o -c /Users/shoumikpalkar/work/sparser/common/avro-c-1.8.2/build/CMakeFiles/CMakeTmp/testCXXCompiler.cxx
Linking CXX executable cmTC_99479
/usr/local/Cellar/cmake/3.7.1/bin/cmake -E cmake_link_script CMakeFiles/cmTC_99479.dir/link.txt --verbose=1
/Applications/Xcode.app/Contents/Developer/Toolchains/XcodeDefault.xctoolchain/usr/bin/c++     -arch x86_64 -isysroot /Applications/Xcode.app/Contents/Developer/Platforms/MacOSX.platform/Developer/SDKs/MacOSX10.12.sdk -Wl,-search_paths_first -Wl,-headerpad_max_install_names   CMakeFiles/cmTC_99479.dir/testCXXCompiler.cxx.o  -o cmTC_99479  


Detecting CXX compiler ABI info compiled with the following output:
Change Dir: /Users/shoumikpalkar/work/sparser/common/avro-c-1.8.2/build/CMakeFiles/CMakeTmp

Run Build Command:"/usr/bin/make" "cmTC_bfc58/fast"
/Applications/Xcode.app/Contents/Developer/usr/bin/make -f CMakeFiles/cmTC_bfc58.dir/build.make CMakeFiles/cmTC_bfc58.dir/build
Building CXX object CMakeFiles/cmTC_bfc58.dir/CMakeCXXCompilerABI.cpp.o
/Applications/Xcode.app/Contents/Developer/Toolchains/XcodeDefault.xctoolchain/usr/bin/c++     -arch x86_64 -isysroot /Applications/Xcode.app/Contents/Developer/Platforms/MacOSX.platform/Developer/SDKs/MacOSX10.12.sdk   -o CMakeFiles/cmTC_bfc58.dir/CMakeCXXCompilerABI.cpp.o -c /usr/local/Cellar/cmake/3.7.1/share/cmake/Modules/CMakeCXXCompilerABI.cpp
Linking CXX executable cmTC_bfc58
/usr/local/Cellar/cmake/3.7.1/bin/cmake -E cmake_link_script CMakeFiles/cmTC_bfc58.dir/link.txt --verbose=1
/Applications/Xcode.app/Contents/Developer/Toolchains/XcodeDefault.xctoolchain/usr/bin/c++     -arch x86_64 -isysroot /Applications/Xcode.app/Contents/Developer/Platforms/MacOSX.platform/Developer/SDKs/MacOSX10.12.sdk -Wl,-search_paths_first -Wl,-headerpad_max_install_names  -v -Wl,-v CMakeFiles/cmTC_bfc58.dir/CMakeCXXCompilerABI.cpp.o  -o cmTC_bfc58   
Apple LLVM version 8.1.0 (clang-802.0.42)
Target: x86_64-apple-darwin16.7.0
Thread model: posix
InstalledDir: /Applications/Xcode.app/Contents/Developer/Toolchains/XcodeDefault.xctoolchain/usr/bin
 "/Applications/Xcode.app/Contents/Developer/Toolchains/XcodeDefault.xctoolchain/usr/bin/ld" -demangle -lto_library /Applications/Xcode.app/Contents/Developer/Toolchains/XcodeDefault.xctoolchain/usr/lib/libLTO.dylib -dynamic -arch x86_64 -macosx_version_min 10.12.0 -syslibroot /Applications/Xcode.app/Contents/Developer/Platforms/MacOSX.platform/Developer/SDKs/MacOSX10.12.sdk -o cmTC_bfc58 -search_paths_first -headerpad_max_install_names -v CMakeFiles/cmTC_bfc58.dir/CMakeCXXCompilerABI.cpp.o -L/opt/intel/compilers_and_libraries_2017.2.163/mac/tbb/lib -L/opt/intel/compilers_and_libraries_2017.2.163/mac/compiler/lib -L/opt/intel/compilers_and_libraries_2017.2.163/mac/mkl/lib -L/opt/intel/compilers_and_libraries_2017.2.163/mac/tbb/lib -L/opt/intel/compilers_and_libraries_2017.2.163/mac/compiler/lib -L/opt/intel/compilers_and_libraries_2017.2.163/mac/mkl/lib -lc++ -lSystem /Applications/Xcode.app/Contents/Developer/Toolchains/XcodeDefault.xctoolchain/usr/bin/../lib/clang/8.1.0/lib/darwin/libclang_rt.osx.a
@(#)PROGRAM:ld  PROJECT:ld64-278.4
configured to support archs: armv6 armv7 armv7s arm64 i386 x86_64 x86_64h armv6m armv7k armv7m armv7em (tvOS)
Library search paths:
	/opt/intel/compilers_and_libraries_2017.2.163/mac/tbb/lib
	/opt/intel/compilers_and_libraries_2017.2.163/mac/compiler/lib
	/opt/intel/compilers_and_libraries_2017.2.163/mac/mkl/lib
	/opt/intel/compilers_and_libraries_2017.2.163/mac/tbb/lib
	/opt/intel/compilers_and_libraries_2017.2.163/mac/compiler/lib
	/opt/intel/compilers_and_libraries_2017.2.163/mac/mkl/lib
	/Applications/Xcode.app/Contents/Developer/Platforms/MacOSX.platform/Developer/SDKs/MacOSX10.12.sdk/usr/lib
Framework search paths:
	/Applications/Xcode.app/Contents/Developer/Platforms/MacOSX.platform/Developer/SDKs/MacOSX10.12.sdk/System/Library/Frameworks/


Parsed CXX implicit link information from above output:
  link line regex: [^( *|.*[/\])(ld|([^/\]+-)?ld|collect2)[^/\]*( |$)]
  ignore line: [Change Dir: /Users/shoumikpalkar/work/sparser/common/avro-c-1.8.2/build/CMakeFiles/CMakeTmp]
  ignore line: []
  ignore line: [Run Build Command:"/usr/bin/make" "cmTC_bfc58/fast"]
  ignore line: [/Applications/Xcode.app/Contents/Developer/usr/bin/make -f CMakeFiles/cmTC_bfc58.dir/build.make CMakeFiles/cmTC_bfc58.dir/build]
  ignore line: [Building CXX object CMakeFiles/cmTC_bfc58.dir/CMakeCXXCompilerABI.cpp.o]
  ignore line: [/Applications/Xcode.app/Contents/Developer/Toolchains/XcodeDefault.xctoolchain/usr/bin/c++     -arch x86_64 -isysroot /Applications/Xcode.app/Contents/Developer/Platforms/MacOSX.platform/Developer/SDKs/MacOSX10.12.sdk   -o CMakeFiles/cmTC_bfc58.dir/CMakeCXXCompilerABI.cpp.o -c /usr/local/Cellar/cmake/3.7.1/share/cmake/Modules/CMakeCXXCompilerABI.cpp]
  ignore line: [Linking CXX executable cmTC_bfc58]
  ignore line: [/usr/local/Cellar/cmake/3.7.1/bin/cmake -E cmake_link_script CMakeFiles/cmTC_bfc58.dir/link.txt --verbose=1]
  ignore line: [/Applications/Xcode.app/Contents/Developer/Toolchains/XcodeDefault.xctoolchain/usr/bin/c++     -arch x86_64 -isysroot /Applications/Xcode.app/Contents/Developer/Platforms/MacOSX.platform/Developer/SDKs/MacOSX10.12.sdk -Wl,-search_paths_first -Wl,-headerpad_max_install_names  -v -Wl,-v CMakeFiles/cmTC_bfc58.dir/CMakeCXXCompilerABI.cpp.o  -o cmTC_bfc58   ]
  ignore line: [Apple LLVM version 8.1.0 (clang-802.0.42)]
  ignore line: [Target: x86_64-apple-darwin16.7.0]
  ignore line: [Thread model: posix]
  ignore line: [InstalledDir: /Applications/Xcode.app/Contents/Developer/Toolchains/XcodeDefault.xctoolchain/usr/bin]
  link line: [ "/Applications/Xcode.app/Contents/Developer/Toolchains/XcodeDefault.xctoolchain/usr/bin/ld" -demangle -lto_library /Applications/Xcode.app/Contents/Developer/Toolchains/XcodeDefault.xctoolchain/usr/lib/libLTO.dylib -dynamic -arch x86_64 -macosx_version_min 10.12.0 -syslibroot /Applications/Xcode.app/Contents/Developer/Platforms/MacOSX.platform/Developer/SDKs/MacOSX10.12.sdk -o cmTC_bfc58 -search_paths_first -headerpad_max_install_names -v CMakeFiles/cmTC_bfc58.dir/CMakeCXXCompilerABI.cpp.o -L/opt/intel/compilers_and_libraries_2017.2.163/mac/tbb/lib -L/opt/intel/compilers_and_libraries_2017.2.163/mac/compiler/lib -L/opt/intel/compilers_and_libraries_2017.2.163/mac/mkl/lib -L/opt/intel/compilers_and_libraries_2017.2.163/mac/tbb/lib -L/opt/intel/compilers_and_libraries_2017.2.163/mac/compiler/lib -L/opt/intel/compilers_and_libraries_2017.2.163/mac/mkl/lib -lc++ -lSystem /Applications/Xcode.app/Contents/Developer/Toolchains/XcodeDefault.xctoolchain/usr/bin/../lib/clang/8.1.0/lib/darwin/libclang_rt.osx.a]
    arg [/Applications/Xcode.app/Contents/Developer/Toolchains/XcodeDefault.xctoolchain/usr/bin/ld] ==> ignore
    arg [-demangle] ==> ignore
    arg [-lto_library] ==> lib [to_library]
    arg [/Applications/Xcode.app/Contents/Developer/Toolchains/XcodeDefault.xctoolchain/usr/lib/libLTO.dylib] ==> ignore
    arg [-dynamic] ==> ignore
    arg [-arch] ==> ignore
    arg [x86_64] ==> ignore
    arg [-macosx_version_min] ==> ignore
    arg [10.12.0] ==> ignore
    arg [-syslibroot] ==> ignore
    arg [/Applications/Xcode.app/Contents/Developer/Platforms/MacOSX.platform/Developer/SDKs/MacOSX10.12.sdk] ==> ignore
    arg [-o] ==> ignore
    arg [cmTC_bfc58] ==> ignore
    arg [-search_paths_first] ==> ignore
    arg [-headerpad_max_install_names] ==> ignore
    arg [-v] ==> ignore
    arg [CMakeFiles/cmTC_bfc58.dir/CMakeCXXCompilerABI.cpp.o] ==> ignore
    arg [-L/opt/intel/compilers_and_libraries_2017.2.163/mac/tbb/lib] ==> dir [/opt/intel/compilers_and_libraries_2017.2.163/mac/tbb/lib]
    arg [-L/opt/intel/compilers_and_libraries_2017.2.163/mac/compiler/lib] ==> dir [/opt/intel/compilers_and_libraries_2017.2.163/mac/compiler/lib]
    arg [-L/opt/intel/compilers_and_libraries_2017.2.163/mac/mkl/lib] ==> dir [/opt/intel/compilers_and_libraries_2017.2.163/mac/mkl/lib]
    arg [-L/opt/intel/compilers_and_libraries_2017.2.163/mac/tbb/lib] ==> dir [/opt/intel/compilers_and_libraries_2017.2.163/mac/tbb/lib]
    arg [-L/opt/intel/compilers_and_libraries_2017.2.163/mac/compiler/lib] ==> dir [/opt/intel/compilers_and_libraries_2017.2.163/mac/compiler/lib]
    arg [-L/opt/intel/compilers_and_libraries_2017.2.163/mac/mkl/lib] ==> dir [/opt/intel/compilers_and_libraries_2017.2.163/mac/mkl/lib]
    arg [-lc++] ==> lib [c++]
    arg [-lSystem] ==> lib [System]
    arg [/Applications/Xcode.app/Contents/Developer/Toolchains/XcodeDefault.xctoolchain/usr/bin/../lib/clang/8.1.0/lib/darwin/libclang_rt.osx.a] ==> lib [/Applications/Xcode.app/Contents/Developer/Toolchains/XcodeDefault.xctoolchain/usr/bin/../lib/clang/8.1.0/lib/darwin/libclang_rt.osx.a]
  Library search paths: [;/opt/intel/compilers_and_libraries_2017.2.163/mac/tbb/lib;/opt/intel/compilers_and_libraries_2017.2.163/mac/compiler/lib;/opt/intel/compilers_and_libraries_2017.2.163/mac/mkl/lib;/opt/intel/compilers_and_libraries_2017.2.163/mac/tbb/lib;/opt/intel/compilers_and_libraries_2017.2.163/mac/compiler/lib;/opt/intel/compilers_and_libraries_2017.2.163/mac/mkl/lib;/Applications/Xcode.app/Contents/Developer/Platforms/MacOSX.platform/Developer/SDKs/MacOSX10.12.sdk/usr/lib]
  Framework search paths: [;/Applications/Xcode.app/Contents/Developer/Platforms/MacOSX.platform/Developer/SDKs/MacOSX10.12.sdk/System/Library/Frameworks/]
  remove lib [System]
  remove lib [/Applications/Xcode.app/Contents/Developer/Toolchains/XcodeDefault.xctoolchain/usr/bin/../lib/clang/8.1.0/lib/darwin/libclang_rt.osx.a]
  collapse library dir [/opt/intel/compilers_and_libraries_2017.2.163/mac/tbb/lib] ==> [/opt/intel/compilers_and_libraries_2017.2.163/mac/tbb/lib]
  collapse library dir [/opt/intel/compilers_and_libraries_2017.2.163/mac/compiler/lib] ==> [/opt/intel/compilers_and_libraries_2017.2.163/mac/compiler/lib]
  collapse library dir [/opt/intel/compilers_and_libraries_2017.2.163/mac/mkl/lib] ==> [/opt/intel/compilers_and_libraries_2017.2.163/mac/mkl/lib]
  collapse library dir [/opt/intel/compilers_and_libraries_2017.2.163/mac/tbb/lib] ==> [/opt/intel/compilers_and_libraries_2017.2.163/mac/tbb/lib]
  collapse library dir [/opt/intel/compilers_and_libraries_2017.2.163/mac/compiler/lib] ==> [/opt/intel/compilers_and_libraries_2017.2.163/mac/compiler/lib]
  collapse library dir [/opt/intel/compilers_and_libraries_2017.2.163/mac/mkl/lib] ==> [/opt/intel/compilers_and_libraries_2017.2.163/mac/mkl/lib]
  collapse library dir [/opt/intel/compilers_and_libraries_2017.2.163/mac/tbb/lib] ==> [/opt/intel/compilers_and_libraries_2017.2.163/mac/tbb/lib]
  collapse library dir [/opt/intel/compilers_and_libraries_2017.2.163/mac/compiler/lib] ==> [/opt/intel/compilers_and_libraries_2017.2.163/mac/compiler/lib]
  collapse library dir [/opt/intel/compilers_and_libraries_2017.2.163/mac/mkl/lib] ==> [/opt/intel/compilers_and_libraries_2017.2.163/mac/mkl/lib]
  collapse library dir [/opt/intel/compilers_and_libraries_2017.2.163/mac/tbb/lib] ==> [/opt/intel/compilers_and_libraries_2017.2.163/mac/tbb/lib]
  collapse library dir [/opt/intel/compilers_and_libraries_2017.2.163/mac/compiler/lib] ==> [/opt/intel/compilers_and_libraries_2017.2.163/mac/compiler/lib]
  collapse library dir [/opt/intel/compilers_and_libraries_2017.2.163/mac/mkl/lib] ==> [/opt/intel/compilers_and_libraries_2017.2.163/mac/mkl/lib]
  collapse library dir [/Applications/Xcode.app/Contents/Developer/Platforms/MacOSX.platform/Developer/SDKs/MacOSX10.12.sdk/usr/lib] ==> [/Applications/Xcode.app/Contents/Developer/Platforms/MacOSX.platform/Developer/SDKs/MacOSX10.12.sdk/usr/lib]
  collapse framework dir [/Applications/Xcode.app/Contents/Developer/Platforms/MacOSX.platform/Developer/SDKs/MacOSX10.12.sdk/System/Library/Frameworks/] ==> [/Applications/Xcode.app/Contents/Developer/Platforms/MacOSX.platform/Developer/SDKs/MacOSX10.12.sdk/System/Library/Frameworks]
  implicit libs: [to_library;c++]
  implicit dirs: [/opt/intel/compilers_and_libraries_2017.2.163/mac/tbb/lib;/opt/intel/compilers_and_libraries_2017.2.163/mac/compiler/lib;/opt/intel/compilers_and_libraries_2017.2.163/mac/mkl/lib;/Applications/Xcode.app/Contents/Developer/Platforms/MacOSX.platform/Developer/SDKs/MacOSX10.12.sdk/usr/lib]
  implicit fwks: [/Applications/Xcode.app/Contents/Developer/Platforms/MacOSX.platform/Developer/SDKs/MacOSX10.12.sdk/System/Library/Frameworks]




Detecting CXX [-std=c++14] compiler features compiled with the following output:
Change Dir: /Users/shoumikpalkar/work/sparser/common/avro-c-1.8.2/build/CMakeFiles/CMakeTmp

Run Build Command:"/usr/bin/make" "cmTC_78b44/fast"
/Applications/Xcode.app/Contents/Developer/usr/bin/make -f CMakeFiles/cmTC_78b44.dir/build.make CMakeFiles/cmTC_78b44.dir/build
Building CXX object CMakeFiles/cmTC_78b44.dir/feature_tests.cxx.o
/Applications/Xcode.app/Contents/Developer/Toolchains/XcodeDefault.xctoolchain/usr/bin/c++     -arch x86_64 -isysroot /Applications/Xcode.app/Contents/Developer/Platforms/MacOSX.platform/Developer/SDKs/MacOSX10.12.sdk   -std=c++14 -o CMakeFiles/cmTC_78b44.dir/feature_tests.cxx.o -c /Users/shoumikpalkar/work/sparser/common/avro-c-1.8.2/build/CMakeFiles/feature_tests.cxx
Linking CXX executable cmTC_78b44
/usr/local/Cellar/cmake/3.7.1/bin/cmake -E cmake_link_script CMakeFiles/cmTC_78b44.dir/link.txt --verbose=1
/Applications/Xcode.app/Contents/Developer/Toolchains/XcodeDefault.xctoolchain/usr/bin/c++     -arch x86_64 -isysroot /Applications/Xcode.app/Contents/Developer/Platforms/MacOSX.platform/Developer/SDKs/MacOSX10.12.sdk -Wl,-search_paths_first -Wl,-headerpad_max_install_names   CMakeFiles/cmTC_78b44.dir/feature_tests.cxx.o  -o cmTC_78b44  


    Feature record: CXX_FEATURE:1cxx_aggregate_default_initializers
    Feature record: CXX_FEATURE:1cxx_alias_templates
    Feature record: CXX_FEATURE:1cxx_alignas
    Feature record: CXX_FEATURE:1cxx_alignof
    Feature record: CXX_FEATURE:1cxx_attributes
    Feature record: CXX_FEATURE:1cxx_attribute_deprecated
    Feature record: CXX_FEATURE:1cxx_auto_type
    Feature record: CXX_FEATURE:1cxx_binary_literals
    Feature record: CXX_FEATURE:1cxx_constexpr
    Feature record: CXX_FEATURE:1cxx_contextual_conversions
    Feature record: CXX_FEATURE:1cxx_decltype
    Feature record: CXX_FEATURE:1cxx_decltype_auto
    Feature record: CXX_FEATURE:1cxx_decltype_incomplete_return_types
    Feature record: CXX_FEATURE:1cxx_default_function_template_args
    Feature record: CXX_FEATURE:1cxx_defaulted_functions
    Feature record: CXX_FEATURE:1cxx_defaulted_move_initializers
    Feature record: CXX_FEATURE:1cxx_delegating_constructors
    Feature record: CXX_FEATURE:1cxx_deleted_functions
    Feature record: CXX_FEATURE:1cxx_digit_separators
    Feature record: CXX_FEATURE:1cxx_enum_forward_declarations
    Feature record: CXX_FEATURE:1cxx_explicit_conversions
    Feature record: CXX_FEATURE:1cxx_extended_friend_declarations
    Feature record: CXX_FEATURE:1cxx_extern_templates
    Feature record: CXX_FEATURE:1cxx_final
    Feature record: CXX_FEATURE:1cxx_func_identifier
    Feature record: CXX_FEATURE:1cxx_generalized_initializers
    Feature record: CXX_FEATURE:1cxx_generic_lambdas
    Feature record: CXX_FEATURE:1cxx_inheriting_constructors
    Feature record: CXX_FEATURE:1cxx_inline_namespaces
    Feature record: CXX_FEATURE:1cxx_lambdas
    Feature record: CXX_FEATURE:1cxx_lambda_init_captures
    Feature record: CXX_FEATURE:1cxx_local_type_template_args
    Feature record: CXX_FEATURE:1cxx_long_long_type
    Feature record: CXX_FEATURE:1cxx_noexcept
    Feature record: CXX_FEATURE:1cxx_nonstatic_member_init
    Feature record: CXX_FEATURE:1cxx_nullptr
    Feature record: CXX_FEATURE:1cxx_override
    Feature record: CXX_FEATURE:1cxx_range_for
    Feature record: CXX_FEATURE:1cxx_raw_string_literals
    Feature record: CXX_FEATURE:1cxx_reference_qualified_functions
    Feature record: CXX_FEATURE:1cxx_relaxed_constexpr
    Feature record: CXX_FEATURE:1cxx_return_type_deduction
    Feature record: CXX_FEATURE:1cxx_right_angle_brackets
    Feature record: CXX_FEATURE:1cxx_rvalue_references
    Feature record: CXX_FEATURE:1cxx_sizeof_member
    Feature record: CXX_FEATURE:1cxx_static_assert
    Feature record: CXX_FEATURE:1cxx_strong_enums
    Feature record: CXX_FEATURE:1cxx_template_template_parameters
    Feature record: CXX_FEATURE:1cxx_thread_local
    Feature record: CXX_FEATURE:1cxx_trailing_return_types
    Feature record: CXX_FEATURE:1cxx_unicode_literals
    Feature record: CXX_FEATURE:1cxx_uniform_initialization
    Feature record: CXX_FEATURE:1cxx_unrestricted_unions
    Feature record: CXX_FEATURE:1cxx_user_literals
    Feature record: CXX_FEATURE:1cxx_variable_templates
    Feature record: CXX_FEATURE:1cxx_variadic_macros
    Feature record: CXX_FEATURE:1cxx_variadic_templates


Detecting CXX [-std=c++11] compiler features compiled with the following output:
Change Dir: /Users/shoumikpalkar/work/sparser/common/avro-c-1.8.2/build/CMakeFiles/CMakeTmp

Run Build Command:"/usr/bin/make" "cmTC_53ab7/fast"
/Applications/Xcode.app/Contents/Developer/usr/bin/make -f CMakeFiles/cmTC_53ab7.dir/build.make CMakeFiles/cmTC_53ab7.dir/build
Building CXX object CMakeFiles/cmTC_53ab7.dir/feature_tests.cxx.o
/Applications/Xcode.app/Contents/Developer/Toolchains/XcodeDefault.xctoolchain/usr/bin/c++     -arch x86_64 -isysroot /Applications/Xcode.app/Contents/Developer/Platforms/MacOSX.platform/Developer/SDKs/MacOSX10.12.sdk   -std=c++11 -o CMakeFiles/cmTC_53ab7.dir/feature_tests.cxx.o -c /Users/shoumikpalkar/work/sparser/common/avro-c-1.8.2/build/CMakeFiles/feature_tests.cxx
Linking CXX executable cmTC_53ab7
/usr/local/Cellar/cmake/3.7.1/bin/cmake -E cmake_link_script CMakeFiles/cmTC_53ab7.dir/link.txt --verbose=1
/Applications/Xcode.app/Contents/Developer/Toolchains/XcodeDefault.xctoolchain/usr/bin/c++     -arch x86_64 -isysroot /Applications/Xcode.app/Contents/Developer/Platforms/MacOSX.platform/Developer/SDKs/MacOSX10.12.sdk -Wl,-search_paths_first -Wl,-headerpad_max_install_names   CMakeFiles/cmTC_53ab7.dir/feature_tests.cxx.o  -o cmTC_53ab7  


    Feature record: CXX_FEATURE:0cxx_aggregate_default_initializers
    Feature record: CXX_FEATURE:1cxx_alias_templates
    Feature record: CXX_FEATURE:1cxx_alignas
    Feature record: CXX_FEATURE:1cxx_alignof
    Feature record: CXX_FEATURE:1cxx_attributes
    Feature record: CXX_FEATURE:0cxx_attribute_deprecated
    Feature record: CXX_FEATURE:1cxx_auto_type
    Feature record: CXX_FEATURE:0cxx_binary_literals
    Feature record: CXX_FEATURE:1cxx_constexpr
    Feature record: CXX_FEATURE:0cxx_contextual_conversions
    Feature record: CXX_FEATURE:1cxx_decltype
    Feature record: CXX_FEATURE:0cxx_decltype_auto
    Feature record: CXX_FEATURE:1cxx_decltype_incomplete_return_types
    Feature record: CXX_FEATURE:1cxx_default_function_template_args
    Feature record: CXX_FEATURE:1cxx_defaulted_functions
    Feature record: CXX_FEATURE:1cxx_defaulted_move_initializers
    Feature record: CXX_FEATURE:1cxx_delegating_constructors
    Feature record: CXX_FEATURE:1cxx_deleted_functions
    Feature record: CXX_FEATURE:0cxx_digit_separators
    Feature record: CXX_FEATURE:1cxx_enum_forward_declarations
    Feature record: CXX_FEATURE:1cxx_explicit_conversions
    Feature record: CXX_FEATURE:1cxx_extended_friend_declarations
    Feature record: CXX_FEATURE:1cxx_extern_templates
    Feature record: CXX_FEATURE:1cxx_final
    Feature record: CXX_FEATURE:1cxx_func_identifier
    Feature record: CXX_FEATURE:1cxx_generalized_initializers
    Feature record: CXX_FEATURE:0cxx_generic_lambdas
    Feature record: CXX_FEATURE:1cxx_inheriting_constructors
    Feature record: CXX_FEATURE:1cxx_inline_namespaces
    Feature record: CXX_FEATURE:1cxx_lambdas
    Feature record: CXX_FEATURE:0cxx_lambda_init_captures
    Feature record: CXX_FEATURE:1cxx_local_type_template_args
    Feature record: CXX_FEATURE:1cxx_long_long_type
    Feature record: CXX_FEATURE:1cxx_noexcept
    Feature record: CXX_FEATURE:1cxx_nonstatic_member_init
    Feature record: CXX_FEATURE:1cxx_nullptr
    Feature record: CXX_FEATURE:1cxx_override
    Feature record: CXX_FEATURE:1cxx_range_for
    Feature record: CXX_FEATURE:1cxx_raw_string_literals
    Feature record: CXX_FEATURE:1cxx_reference_qualified_functions
    Feature record: CXX_FEATURE:0cxx_relaxed_constexpr
    Feature record: CXX_FEATURE:0cxx_return_type_deduction
    Feature record: CXX_FEATURE:1cxx_right_angle_brackets
    Feature record: CXX_FEATURE:1cxx_rvalue_references
    Feature record: CXX_FEATURE:1cxx_sizeof_member
    Feature record: CXX_FEATURE:1cxx_static_assert
    Feature record: CXX_FEATURE:1cxx_strong_enums
    Feature record: CXX_FEATURE:1cxx_template_template_parameters
    Feature record: CXX_FEATURE:1cxx_thread_local
    Feature record: CXX_FEATURE:1cxx_trailing_return_types
    Feature record: CXX_FEATURE:1cxx_unicode_literals
    Feature record: CXX_FEATURE:1cxx_uniform_initialization
    Feature record: CXX_FEATURE:1cxx_unrestricted_unions
    Feature record: CXX_FEATURE:1cxx_user_literals
    Feature record: CXX_FEATURE:0cxx_variable_templates
    Feature record: CXX_FEATURE:1cxx_variadic_macros
    Feature record: CXX_FEATURE:1cxx_variadic_templates


Detecting CXX [-std=c++98] compiler features compiled with the following output:
Change Dir: /Users/shoumikpalkar/work/sparser/common/avro-c-1.8.2/build/CMakeFiles/CMakeTmp

Run Build Command:"/usr/bin/make" "cmTC_7df08/fast"
/Applications/Xcode.app/Contents/Developer/usr/bin/make -f CMakeFiles/cmTC_7df08.dir/build.make CMakeFiles/cmTC_7df08.dir/build
Building CXX object CMakeFiles/cmTC_7df08.dir/feature_tests.cxx.o
/Applications/Xcode.app/Contents/Developer/Toolchains/XcodeDefault.xctoolchain/usr/bin/c++     -arch x86_64 -isysroot /Applications/Xcode.app/Contents/Developer/Platforms/MacOSX.platform/Developer/SDKs/MacOSX10.12.sdk   -std=c++98 -o CMakeFiles/cmTC_7df08.dir/feature_tests.cxx.o -c /Users/shoumikpalkar/work/sparser/common/avro-c-1.8.2/build/CMakeFiles/feature_tests.cxx
Linking CXX executable cmTC_7df08
/usr/local/Cellar/cmake/3.7.1/bin/cmake -E cmake_link_script CMakeFiles/cmTC_7df08.dir/link.txt --verbose=1
/Applications/Xcode.app/Contents/Developer/Toolchains/XcodeDefault.xctoolchain/usr/bin/c++     -arch x86_64 -isysroot /Applications/Xcode.app/Contents/Developer/Platforms/MacOSX.platform/Developer/SDKs/MacOSX10.12.sdk -Wl,-search_paths_first -Wl,-headerpad_max_install_names   CMakeFiles/cmTC_7df08.dir/feature_tests.cxx.o  -o cmTC_7df08  


    Feature record: CXX_FEATURE:0cxx_aggregate_default_initializers
    Feature record: CXX_FEATURE:0cxx_alias_templates
    Feature record: CXX_FEATURE:0cxx_alignas
    Feature record: CXX_FEATURE:0cxx_alignof
    Feature record: CXX_FEATURE:0cxx_attributes
    Feature record: CXX_FEATURE:0cxx_attribute_deprecated
    Feature record: CXX_FEATURE:0cxx_auto_type
    Feature record: CXX_FEATURE:0cxx_binary_literals
    Feature record: CXX_FEATURE:0cxx_constexpr
    Feature record: CXX_FEATURE:0cxx_contextual_conversions
    Feature record: CXX_FEATURE:0cxx_decltype
    Feature record: CXX_FEATURE:0cxx_decltype_auto
    Feature record: CXX_FEATURE:0cxx_decltype_incomplete_return_types
    Feature record: CXX_FEATURE:0cxx_default_function_template_args
    Feature record: CXX_FEATURE:0cxx_defaulted_functions
    Feature record: CXX_FEATURE:0cxx_defaulted_move_initializers
    Feature record: CXX_FEATURE:0cxx_delegating_constructors
    Feature record: CXX_FEATURE:0cxx_deleted_functions
    Feature record: CXX_FEATURE:0cxx_digit_separators
    Feature record: CXX_FEATURE:0cxx_enum_forward_declarations
    Feature record: CXX_FEATURE:0cxx_explicit_conversions
    Feature record: CXX_FEATURE:0cxx_extended_friend_declarations
    Feature record: CXX_FEATURE:0cxx_extern_templates
    Feature record: CXX_FEATURE:0cxx_final
    Feature record: CXX_FEATURE:0cxx_func_identifier
    Feature record: CXX_FEATURE:0cxx_generalized_initializers
    Feature record: CXX_FEATURE:0cxx_generic_lambdas
    Feature record: CXX_FEATURE:0cxx_inheriting_constructors
    Feature record: CXX_FEATURE:0cxx_inline_namespaces
    Feature record: CXX_FEATURE:0cxx_lambdas
    Feature record: CXX_FEATURE:0cxx_lambda_init_captures
    Feature record: CXX_FEATURE:0cxx_local_type_template_args
    Feature record: CXX_FEATURE:0cxx_long_long_type
    Feature record: CXX_FEATURE:0cxx_noexcept
    Feature record: CXX_FEATURE:0cxx_nonstatic_member_init
    Feature record: CXX_FEATURE:0cxx_nullptr
    Feature record: CXX_FEATURE:0cxx_override
    Feature record: CXX_FEATURE:0cxx_range_for
    Feature record: CXX_FEATURE:0cxx_raw_string_literals
    Feature record: CXX_FEATURE:0cxx_reference_qualified_functions
    Feature record: CXX_FEATURE:0cxx_relaxed_constexpr
    Feature record: CXX_FEATURE:0cxx_return_type_deduction
    Feature record: CXX_FEATURE:0cxx_right_angle_brackets
    Feature record: CXX_FEATURE:0cxx_rvalue_references
    Feature record: CXX_FEATURE:0cxx_sizeof_member
    Feature record: CXX_FEATURE:0cxx_static_assert
    Feature record: CXX_FEATURE:0cxx_strong_enums
    Feature record: CXX_FEATURE:1cxx_template_template_parameters
    Feature record: CXX_FEATURE:0cxx_thread_local
    Feature record: CXX_FEATURE:0cxx_trailing_return_types
    Feature record: CXX_FEATURE:0cxx_unicode_literals
    Feature record: CXX_FEATURE:0cxx_uniform_initialization
    Feature record: CXX_FEATURE:0cxx_unrestricted_unions
    Feature record: CXX_FEATURE:0cxx_user_literals
    Feature record: CXX_FEATURE:0cxx_variable_templates
    Feature record: CXX_FEATURE:0cxx_variadic_macros
    Feature record: CXX_FEATURE:0cxx_variadic_templates
